<?xml version="1.0" encoding="UTF-8"?>
<testng-results skipped="0" failed="0" ignored="0" total="1" passed="1">
  <reporter-output>
  </reporter-output>
  <suite name="Default suite" duration-ms="35238" started-at="2019-05-13T21:07:30Z" finished-at="2019-05-13T21:08:05Z">
    <groups>
    </groups>
    <test name="Default test" duration-ms="35238" started-at="2019-05-13T21:07:30Z" finished-at="2019-05-13T21:08:05Z">
      <class name="com.appleTest.Auto.mainApple">
        <test-method status="PASS" signature="setup()[pri:0, instance:com.appleTest.Auto.mainApple@2f7298b]" name="setup" is-config="true" duration-ms="19900" started-at="2019-05-13T21:07:30Z" finished-at="2019-05-13T21:07:49Z">
          <reporter-output>
          </reporter-output>
        </test-method> <!-- setup -->
        <test-method status="PASS" signature="searchSCOne()[pri:0, instance:com.appleTest.Auto.mainApple@2f7298b]" name="searchSCOne" duration-ms="15279" started-at="2019-05-13T21:07:50Z" finished-at="2019-05-13T21:08:05Z">
          <reporter-output>
          </reporter-output>
        </test-method> <!-- searchSCOne -->
        <test-method status="PASS" signature="teardown()[pri:0, instance:com.appleTest.Auto.mainApple@2f7298b]" name="teardown" is-config="true" duration-ms="0" started-at="2019-05-13T21:08:05Z" finished-at="2019-05-13T21:08:05Z">
          <reporter-output>
          </reporter-output>
        </test-method> <!-- teardown -->
      </class> <!-- com.appleTest.Auto.mainApple -->
    </test> <!-- Default test -->
  </suite> <!-- Default suite -->
</testng-results>
