<?xml version="1.0" encoding="UTF-8"?>
<testng-results skipped="0" failed="0" ignored="0" total="1" passed="1">
  <reporter-output>
  </reporter-output>
  <suite name="Default suite" duration-ms="23323" started-at="2019-05-08T18:28:11Z" finished-at="2019-05-08T18:28:34Z">
    <groups>
    </groups>
    <test name="Default test" duration-ms="23323" started-at="2019-05-08T18:28:11Z" finished-at="2019-05-08T18:28:34Z">
      <class name="com.qa.test.DataDrivenTesting">
        <test-method status="PASS" signature="beforeTest()[pri:0, instance:com.qa.test.DataDrivenTesting@754ba872]" name="beforeTest" is-config="true" duration-ms="12763" started-at="2019-05-08T18:28:11Z" finished-at="2019-05-08T18:28:24Z">
          <reporter-output>
          </reporter-output>
        </test-method> <!-- beforeTest -->
        <test-method status="PASS" signature="test()[pri:0, instance:com.qa.test.DataDrivenTesting@754ba872]" name="test" duration-ms="10508" started-at="2019-05-08T18:28:24Z" finished-at="2019-05-08T18:28:34Z">
          <reporter-output>
          </reporter-output>
        </test-method> <!-- test -->
        <test-method status="PASS" signature="afterTest()[pri:0, instance:com.qa.test.DataDrivenTesting@754ba872]" name="afterTest" is-config="true" duration-ms="4" started-at="2019-05-08T18:28:34Z" finished-at="2019-05-08T18:28:34Z">
          <reporter-output>
          </reporter-output>
        </test-method> <!-- afterTest -->
      </class> <!-- com.qa.test.DataDrivenTesting -->
    </test> <!-- Default test -->
  </suite> <!-- Default suite -->
</testng-results>
