<?xml version="1.0" encoding="UTF-8"?>
<testng-results skipped="0" failed="0" ignored="0" total="1" passed="1">
  <reporter-output>
  </reporter-output>
  <suite name="Default suite" duration-ms="9527" started-at="2019-07-09T15:41:51Z" finished-at="2019-07-09T15:42:01Z">
    <groups>
    </groups>
    <test name="Default test" duration-ms="9527" started-at="2019-07-09T15:41:51Z" finished-at="2019-07-09T15:42:01Z">
      <class name="pkg.GoogleSearch">
        <test-method status="PASS" signature="getMyClass()[pri:0, instance:pkg.GoogleSearch@675d3402]" name="getMyClass" duration-ms="9465" started-at="2019-07-09T15:41:51Z" finished-at="2019-07-09T15:42:00Z">
          <reporter-output>
          </reporter-output>
        </test-method> <!-- getMyClass -->
      </class> <!-- pkg.GoogleSearch -->
    </test> <!-- Default test -->
  </suite> <!-- Default suite -->
</testng-results>
